2025-02-02 19:40:11,289 [INFO] Activator:176 - 


2025-02-02 19:40:11,293 [INFO] Activator:177 - !SESSION log4j initialized
2025-02-02 19:40:15,950 [INFO] LogOutputStream:77 - [STDOUT_REDIRECT] 
2025-02-02 19:40:17,684 [INFO] ApplicationProperties:184 - Using Application install path: C:\ST\STM32CubeIDE_1.17.0\STM32CubeIDE\plugins\com.st.stm32cube.common.mx_6.13.0.202411220809
2025-02-02 19:40:17,697 [INFO] DbMcusXml:78 - Set database path to: C:\ST\STM32CubeIDE_1.17.0\STM32CubeIDE\plugins\com.st.stm32cube.common.mx_6.13.0.202411220809\\db\/mcu/
2025-02-02 19:40:17,697 [INFO] ApiDb:274 - Set plugin database path to: C:\ST\STM32CubeIDE_1.17.0\STM32CubeIDE\plugins\com.st.stm32cube.common.mx_6.13.0.202411220809\\db\/plugins/boardmanager/
2025-02-02 19:40:17,698 [WARN] ApiDb:259 - Overriding images path with different value:  => C:\ST\STM32CubeIDE_1.17.0\STM32CubeIDE\plugins\com.st.stm32cube.common.mx_6.13.0.202411220809\\db\/plugins/mcufinder/images/
2025-02-02 19:40:17,705 [INFO] ApiDb:250 - Set database path to: C:\Users\user\.stmcufinder\plugins\mcufinder//mcu/
2025-02-02 19:40:17,706 [INFO] DbMcusAds:125 - Set database path to: C:\Users\user\.stmcufinder\plugins\mcufinder//mcu/
2025-02-02 19:40:17,708 [INFO] CrossReferenceDbSqlite:203 - Set database path to: C:\Users\user\.stmcufinder\plugins\mcufinder//mcu/cs/
2025-02-02 19:40:17,794 [INFO] RulesReader:64 - Compatibility file has been processed (297 Rules)
2025-02-02 19:40:17,863 [INFO] DbMcusXml:78 - Set database path to: C:\ST\STM32CubeIDE_1.17.0\STM32CubeIDE\plugins\com.st.stm32cube.common.mx_6.13.0.202411220809\\db\/mcu/
2025-02-02 19:40:17,863 [INFO] ApiDb:274 - Set plugin database path to: C:\ST\STM32CubeIDE_1.17.0\STM32CubeIDE\plugins\com.st.stm32cube.common.mx_6.13.0.202411220809\\db\/plugins/boardmanager/
2025-02-02 19:40:17,863 [INFO] ApiDb:261 - Set plugin images path to: C:\ST\STM32CubeIDE_1.17.0\STM32CubeIDE\plugins\com.st.stm32cube.common.mx_6.13.0.202411220809\\db\/plugins/mcufinder/images/
2025-02-02 19:40:17,863 [WARN] DbFile:41 - Overriding database path with different value: C:\Users\user\.stmcufinder\plugins\mcufinder/ => C:\Users\user\.stmcufinder\plugins\mcufinder
2025-02-02 19:40:17,863 [INFO] ApiDb:250 - Set database path to: C:\Users\user\.stmcufinder\plugins\mcufinder//mcu/
2025-02-02 19:40:17,864 [WARN] DbFile:41 - Overriding database path with different value: C:\Users\user\.stmcufinder\plugins\mcufinder/ => C:\Users\user\.stmcufinder\plugins\mcufinder
2025-02-02 19:40:17,864 [INFO] DbMcusAds:125 - Set database path to: C:\Users\user\.stmcufinder\plugins\mcufinder//mcu/
2025-02-02 19:40:17,864 [WARN] DbFile:41 - Overriding database path with different value: C:\Users\user\.stmcufinder\plugins\mcufinder/ => C:\Users\user\.stmcufinder\plugins\mcufinder
2025-02-02 19:40:17,864 [WARN] DbFile:41 - Overriding database path with different value: C:\Users\user\.stmcufinder\plugins\mcufinder/ => C:\Users\user\.stmcufinder\plugins\mcufinder
2025-02-02 19:40:17,864 [INFO] CrossReferenceDbSqlite:203 - Set database path to: C:\Users\user\.stmcufinder\plugins\mcufinder//mcu/cs/
2025-02-02 19:40:17,925 [INFO] MainPanel:272 - HeapMemory: 268435456
2025-02-02 19:40:18,004 [INFO] DbMcusXml:78 - Set database path to: C:\ST\STM32CubeIDE_1.17.0\STM32CubeIDE\plugins\com.st.stm32cube.common.mx_6.13.0.202411220809\\db\/mcu/
2025-02-02 19:40:18,004 [INFO] ApiDb:274 - Set plugin database path to: C:\ST\STM32CubeIDE_1.17.0\STM32CubeIDE\plugins\com.st.stm32cube.common.mx_6.13.0.202411220809\\db\/plugins/boardmanager/
2025-02-02 19:40:18,004 [INFO] ApiDb:261 - Set plugin images path to: C:\ST\STM32CubeIDE_1.17.0\STM32CubeIDE\plugins\com.st.stm32cube.common.mx_6.13.0.202411220809\\db\/plugins/mcufinder/images/
2025-02-02 19:40:18,005 [WARN] DbFile:41 - Overriding database path with different value: C:\Users\user\.stmcufinder\plugins\mcufinder/ => C:\Users\user\.stmcufinder\plugins\mcufinder
2025-02-02 19:40:18,005 [INFO] ApiDb:250 - Set database path to: C:\Users\user\.stmcufinder\plugins\mcufinder//mcu/
2025-02-02 19:40:18,005 [WARN] DbFile:41 - Overriding database path with different value: C:\Users\user\.stmcufinder\plugins\mcufinder/ => C:\Users\user\.stmcufinder\plugins\mcufinder
2025-02-02 19:40:18,005 [INFO] DbMcusAds:125 - Set database path to: C:\Users\user\.stmcufinder\plugins\mcufinder//mcu/
2025-02-02 19:40:18,005 [WARN] DbFile:41 - Overriding database path with different value: C:\Users\user\.stmcufinder\plugins\mcufinder/ => C:\Users\user\.stmcufinder\plugins\mcufinder
2025-02-02 19:40:18,005 [WARN] DbFile:41 - Overriding database path with different value: C:\Users\user\.stmcufinder\plugins\mcufinder/ => C:\Users\user\.stmcufinder\plugins\mcufinder
2025-02-02 19:40:18,005 [INFO] CrossReferenceDbSqlite:203 - Set database path to: C:\Users\user\.stmcufinder\plugins\mcufinder//mcu/cs/
2025-02-02 19:40:18,019 [INFO] ApplicationProperties:184 - Using Application install path: C:\ST\STM32CubeIDE_1.17.0\STM32CubeIDE\plugins\com.st.stm32cube.common.mx_6.13.0.202411220809
2025-02-02 19:40:18,020 [INFO] PluginManage:196 - Search for loadable plugins [exclusion list=, ]
2025-02-02 19:40:18,020 [INFO] PluginManage:310 - Check plugin analytics
2025-02-02 19:40:18,140 [INFO] AnalyticsPlugin:253 - Accepted Software Licenses: STM32CubeMX.6.10.0
2025-02-02 19:40:18,140 [INFO] AnalyticsPlugin:255 - Accepted CMSIS Pack Licenses: 
2025-02-02 19:40:18,140 [INFO] AnalyticsPlugin:257 - Accepted Firmware Licenses: FW.G4.1.5.0
2025-02-02 19:40:18,142 [INFO] PluginManage:359 - Loaded plugin analytics (category:tool,tabindex:-1)
2025-02-02 19:40:18,142 [INFO] PluginManage:310 - Check plugin cadmodel
2025-02-02 19:40:18,162 [INFO] CADModel:105 - Init CAD model plugin
2025-02-02 19:40:18,162 [INFO] PluginManage:359 - Loaded plugin cadmodel (category:power,tabindex:5)
2025-02-02 19:40:18,162 [INFO] PluginManage:310 - Check plugin clock
2025-02-02 19:40:18,178 [INFO] PluginManage:359 - Loaded plugin clock (category:base,tabindex:2)
2025-02-02 19:40:18,178 [INFO] PluginManage:310 - Check plugin ddr
2025-02-02 19:40:18,179 [INFO] PluginManage:359 - Loaded plugin ddr (category:tool,tabindex:6)
2025-02-02 19:40:18,179 [INFO] PluginManage:310 - Check plugin filemanager
2025-02-02 19:40:18,288 [INFO] PluginManage:359 - Loaded plugin filemanager (category:base,tabindex:10)
2025-02-02 19:40:18,288 [INFO] PluginManage:310 - Check plugin ipmanager
2025-02-02 19:40:18,293 [INFO] PluginManage:359 - Loaded plugin ipmanager (category:base,tabindex:5)
2025-02-02 19:40:18,294 [INFO] PluginManage:310 - Check plugin lpbam
2025-02-02 19:40:18,304 [INFO] PluginManage:359 - Loaded plugin lpbam (category:base,tabindex:0)
2025-02-02 19:40:18,304 [INFO] PluginManage:310 - Check plugin memorymap
2025-02-02 19:40:18,320 [INFO] PluginManage:359 - Loaded plugin memorymap (category:base,tabindex:4)
2025-02-02 19:40:18,321 [INFO] PluginManage:310 - Check plugin pinoutandconfiguration
2025-02-02 19:40:18,336 [INFO] PluginManage:359 - Loaded plugin pinoutandconfiguration (category:base,tabindex:1)
2025-02-02 19:40:18,336 [INFO] PluginManage:310 - Check plugin pinoutconfig
2025-02-02 19:40:18,407 [WARN] SupportedApi:132 - Cannot load RTOS API schema: s4s-elt-must-match.1: The content of 'definitions' must match (annotation?, (simpleType | complexType)?, (unique | key | keyref)*)). A problem was found starting at: attribute.
2025-02-02 19:40:18,503 [INFO] PluginManage:359 - Loaded plugin pinoutconfig (category:base,tabindex:0)
2025-02-02 19:40:18,503 [INFO] PluginManage:310 - Check plugin power
2025-02-02 19:40:18,524 [INFO] PluginManage:359 - Loaded plugin power (category:power,tabindex:4)
2025-02-02 19:40:18,525 [INFO] PluginManage:310 - Check plugin projectmanager
2025-02-02 19:40:18,536 [INFO] PluginManage:359 - Loaded plugin projectmanager (category:projectmanager,tabindex:4)
2025-02-02 19:40:18,536 [INFO] PluginManage:310 - Check plugin rif
2025-02-02 19:40:18,549 [INFO] PluginManage:359 - Loaded plugin rif (category:base,tabindex:3)
2025-02-02 19:40:18,549 [INFO] PluginManage:310 - Check plugin thirdparty
2025-02-02 19:40:18,683 [WARN] IntegrityCheckThread:84 - waiting for thirdparty lock release [integrity check]
2025-02-02 19:40:18,683 [INFO] PluginManage:359 - Loaded plugin thirdparty (category:base,tabindex:-1)
2025-02-02 19:40:18,697 [INFO] PluginManage:310 - Check plugin tools
2025-02-02 19:40:18,697 [INFO] IntegrityCheckThread:86 - entering critical section [integrity check]
2025-02-02 19:40:18,697 [INFO] ThirdPartyUpdaterWithRetryManager:70 - Updater plugin not ready yet. [1/15]
2025-02-02 19:40:18,702 [INFO] PluginManage:359 - Loaded plugin tools (category:base,tabindex:7)
2025-02-02 19:40:18,702 [INFO] PluginManage:310 - Check plugin tutovideos
2025-02-02 19:40:18,832 [INFO] PluginManage:359 - Loaded plugin tutovideos (category:base,tabindex:-1)
2025-02-02 19:40:18,832 [INFO] PluginManage:310 - Check plugin updater
2025-02-02 19:40:18,849 [INFO] PluginManage:359 - Loaded plugin updater (category:base,tabindex:12)
2025-02-02 19:40:18,849 [INFO] PluginManage:310 - Check plugin userauth
2025-02-02 19:40:18,852 [INFO] UserAuth:118 - Init User Auth plugin
2025-02-02 19:40:18,853 [INFO] PluginManage:359 - Loaded plugin userauth (category:base,tabindex:14)
2025-02-02 19:40:18,853 [INFO] PluginManage:283 - PluginManage : Loaded plugins [18]
2025-02-02 19:40:19,004 [INFO] PinOutPanel:1589 - setPackage(No Configuration,No Configuration)
2025-02-02 19:40:19,071 [INFO] CADModel:165 - CPN selected for project level
2025-02-02 19:40:19,071 [INFO] CADModel:114 - Register for checkConnection events
2025-02-02 19:40:19,091 [INFO] IPUIPlugin:80 - create IPUIPlugin
2025-02-02 19:40:19,091 [INFO] PluginManager:220 - loadIPPluginJar : add adc
2025-02-02 19:40:19,097 [INFO] IPUIPlugin:80 - create IPUIPlugin
2025-02-02 19:40:19,097 [INFO] PluginManager:220 - loadIPPluginJar : add aes
2025-02-02 19:40:19,106 [INFO] IPUIPlugin:80 - create IPUIPlugin
2025-02-02 19:40:19,106 [INFO] PluginManager:220 - loadIPPluginJar : add can
2025-02-02 19:40:19,110 [INFO] IPUIPlugin:80 - create IPUIPlugin
2025-02-02 19:40:19,110 [INFO] PluginManager:220 - loadIPPluginJar : add comp
2025-02-02 19:40:19,116 [INFO] IPUIPlugin:80 - create IPUIPlugin
2025-02-02 19:40:19,116 [INFO] PluginManager:220 - loadIPPluginJar : add cryp
2025-02-02 19:40:19,126 [INFO] IPUIPlugin:80 - create IPUIPlugin
2025-02-02 19:40:19,126 [INFO] PluginManager:220 - loadIPPluginJar : add ddr_ctrl_phy
2025-02-02 19:40:19,131 [INFO] IPUIPlugin:80 - create IPUIPlugin
2025-02-02 19:40:19,131 [INFO] PluginManager:220 - loadIPPluginJar : add dfsdm
2025-02-02 19:40:19,141 [INFO] IPUIPlugin:80 - create IPUIPlugin
2025-02-02 19:40:19,141 [INFO] PluginManager:220 - loadIPPluginJar : add dma
2025-02-02 19:40:19,147 [INFO] IPUIPlugin:80 - create IPUIPlugin
2025-02-02 19:40:19,147 [INFO] PluginManager:220 - loadIPPluginJar : add dma3
2025-02-02 19:40:19,155 [INFO] IPUIPlugin:80 - create IPUIPlugin
2025-02-02 19:40:19,155 [INFO] PluginManager:220 - loadIPPluginJar : add extmemmanager
2025-02-02 19:40:19,158 [INFO] IPUIPlugin:80 - create IPUIPlugin
2025-02-02 19:40:19,158 [INFO] PluginManager:220 - loadIPPluginJar : add fatfs
2025-02-02 19:40:19,167 [INFO] IPUIPlugin:80 - create IPUIPlugin
2025-02-02 19:40:19,167 [INFO] PluginManager:220 - loadIPPluginJar : add fmc
2025-02-02 19:40:19,181 [INFO] IPUIPlugin:80 - create IPUIPlugin
2025-02-02 19:40:19,181 [INFO] PluginManager:220 - loadIPPluginJar : add freertos
2025-02-02 19:40:19,185 [INFO] IPUIPlugin:80 - create IPUIPlugin
2025-02-02 19:40:19,185 [INFO] PluginManager:220 - loadIPPluginJar : add genericplugin
2025-02-02 19:40:19,191 [INFO] IPUIPlugin:80 - create IPUIPlugin
2025-02-02 19:40:19,191 [INFO] PluginManager:220 - loadIPPluginJar : add gfxmmu
2025-02-02 19:40:19,199 [INFO] IPUIPlugin:80 - create IPUIPlugin
2025-02-02 19:40:19,200 [INFO] PluginManager:220 - loadIPPluginJar : add gic
2025-02-02 19:40:19,208 [INFO] IPUIPlugin:80 - create IPUIPlugin
2025-02-02 19:40:19,209 [INFO] PluginManager:220 - loadIPPluginJar : add gpio
2025-02-02 19:40:19,216 [INFO] IPUIPlugin:80 - create IPUIPlugin
2025-02-02 19:40:19,216 [INFO] PluginManager:220 - loadIPPluginJar : add gtzc
2025-02-02 19:40:19,221 [INFO] IPUIPlugin:80 - create IPUIPlugin
2025-02-02 19:40:19,221 [INFO] PluginManager:220 - loadIPPluginJar : add hash
2025-02-02 19:40:19,228 [INFO] IPUIPlugin:80 - create IPUIPlugin
2025-02-02 19:40:19,228 [INFO] PluginManager:220 - loadIPPluginJar : add i2c
2025-02-02 19:40:19,235 [INFO] IPUIPlugin:80 - create IPUIPlugin
2025-02-02 19:40:19,235 [INFO] PluginManager:220 - loadIPPluginJar : add i2s
2025-02-02 19:40:19,242 [INFO] IPUIPlugin:80 - create IPUIPlugin
2025-02-02 19:40:19,242 [INFO] PluginManager:220 - loadIPPluginJar : add i3c
2025-02-02 19:40:19,253 [INFO] IPUIPlugin:80 - create IPUIPlugin
2025-02-02 19:40:19,253 [INFO] PluginManager:220 - loadIPPluginJar : add ipddr
2025-02-02 19:40:19,261 [INFO] IPUIPlugin:80 - create IPUIPlugin
2025-02-02 19:40:19,261 [INFO] PluginManager:220 - loadIPPluginJar : add linkedlist
2025-02-02 19:40:19,266 [INFO] IPUIPlugin:80 - create IPUIPlugin
2025-02-02 19:40:19,266 [INFO] PluginManager:220 - loadIPPluginJar : add lorawan
2025-02-02 19:40:19,271 [INFO] IPUIPlugin:80 - create IPUIPlugin
2025-02-02 19:40:19,271 [INFO] PluginManager:220 - loadIPPluginJar : add ltdc
2025-02-02 19:40:19,281 [INFO] IPUIPlugin:80 - create IPUIPlugin
2025-02-02 19:40:19,281 [INFO] PluginManager:220 - loadIPPluginJar : add mdma
2025-02-02 19:40:19,290 [INFO] IPUIPlugin:80 - create IPUIPlugin
2025-02-02 19:40:19,290 [INFO] PluginManager:220 - loadIPPluginJar : add nvic
2025-02-02 19:40:19,296 [INFO] IPUIPlugin:80 - create IPUIPlugin
2025-02-02 19:40:19,296 [INFO] PluginManager:220 - loadIPPluginJar : add opamp
2025-02-02 19:40:19,303 [INFO] IPUIPlugin:80 - create IPUIPlugin
2025-02-02 19:40:19,303 [INFO] PluginManager:220 - loadIPPluginJar : add openamp
2025-02-02 19:40:19,309 [INFO] IPUIPlugin:80 - create IPUIPlugin
2025-02-02 19:40:19,309 [INFO] PluginManager:220 - loadIPPluginJar : add pdm2pcm
2025-02-02 19:40:19,319 [INFO] IPUIPlugin:80 - create IPUIPlugin
2025-02-02 19:40:19,320 [INFO] PluginManager:220 - loadIPPluginJar : add plateformsettings
2025-02-02 19:40:19,324 [INFO] IPUIPlugin:80 - create IPUIPlugin
2025-02-02 19:40:19,324 [INFO] PluginManager:220 - loadIPPluginJar : add quadspi
2025-02-02 19:40:19,327 [INFO] IPUIPlugin:80 - create IPUIPlugin
2025-02-02 19:40:19,328 [INFO] PluginManager:220 - loadIPPluginJar : add radio
2025-02-02 19:40:19,337 [INFO] IPUIPlugin:80 - create IPUIPlugin
2025-02-02 19:40:19,337 [INFO] PluginManager:220 - loadIPPluginJar : add resmgrutility
2025-02-02 19:40:19,345 [INFO] IPUIPlugin:80 - create IPUIPlugin
2025-02-02 19:40:19,345 [INFO] PluginManager:220 - loadIPPluginJar : add sai
2025-02-02 19:40:19,351 [INFO] IPUIPlugin:80 - create IPUIPlugin
2025-02-02 19:40:19,351 [INFO] PluginManager:220 - loadIPPluginJar : add spi
2025-02-02 19:40:19,361 [INFO] IPUIPlugin:80 - create IPUIPlugin
2025-02-02 19:40:19,362 [INFO] PluginManager:220 - loadIPPluginJar : add stm32_wpan
2025-02-02 19:40:19,365 [INFO] IPUIPlugin:80 - create IPUIPlugin
2025-02-02 19:40:19,365 [INFO] PluginManager:220 - loadIPPluginJar : add tim
2025-02-02 19:40:19,373 [INFO] IPUIPlugin:80 - create IPUIPlugin
2025-02-02 19:40:19,373 [INFO] PluginManager:220 - loadIPPluginJar : add touchsensing
2025-02-02 19:40:19,377 [INFO] IPUIPlugin:80 - create IPUIPlugin
2025-02-02 19:40:19,377 [INFO] PluginManager:220 - loadIPPluginJar : add tracer_emb
2025-02-02 19:40:19,381 [INFO] IPUIPlugin:80 - create IPUIPlugin
2025-02-02 19:40:19,381 [INFO] PluginManager:220 - loadIPPluginJar : add ts
2025-02-02 19:40:19,384 [INFO] IPUIPlugin:80 - create IPUIPlugin
2025-02-02 19:40:19,384 [INFO] PluginManager:220 - loadIPPluginJar : add tsc
2025-02-02 19:40:19,388 [INFO] IPUIPlugin:80 - create IPUIPlugin
2025-02-02 19:40:19,388 [INFO] PluginManager:220 - loadIPPluginJar : add ucpd
2025-02-02 19:40:19,395 [INFO] IPUIPlugin:80 - create IPUIPlugin
2025-02-02 19:40:19,396 [INFO] PluginManager:220 - loadIPPluginJar : add usart
2025-02-02 19:40:19,404 [INFO] IPUIPlugin:80 - create IPUIPlugin
2025-02-02 19:40:19,404 [INFO] PluginManager:220 - loadIPPluginJar : add usbx
2025-02-02 19:40:19,517 [FATAL] Updater:351 - Updater called before beeing initialized
2025-02-02 19:40:19,540 [INFO] RulesReader:64 - Compatibility file has been processed (297 Rules)
2025-02-02 19:40:19,547 [INFO] RulesReader:64 - Compatibility file has been processed (297 Rules)
2025-02-02 19:40:19,552 [INFO] CADModel:165 - CPN selected for project level
2025-02-02 19:40:19,552 [INFO] CADModel:114 - Register for checkConnection events
2025-02-02 19:40:19,552 [FATAL] Updater:351 - Updater called before beeing initialized
2025-02-02 19:40:19,552 [ERROR] CADModel:125 - Updater not yet initialized, retry later 
2025-02-02 19:40:19,657 [FATAL] Updater:351 - Updater called before beeing initialized
2025-02-02 19:40:19,658 [INFO] CADModel:165 - CPN selected for project level
2025-02-02 19:40:19,659 [INFO] CADModel:114 - Register for checkConnection events
2025-02-02 19:40:19,659 [FATAL] Updater:351 - Updater called before beeing initialized
2025-02-02 19:40:19,659 [ERROR] CADModel:125 - Updater not yet initialized, retry later 
2025-02-02 19:40:19,661 [FATAL] Updater:351 - Updater called before beeing initialized
2025-02-02 19:40:19,738 [FATAL] Updater:351 - Updater called before beeing initialized
2025-02-02 19:40:19,742 [INFO] DbMcusAds:53 - JSON generation date=Wed Dec 18 01:01:15 KST 2024 (1734451275222)
2025-02-02 19:40:19,742 [FATAL] Updater:351 - Updater called before beeing initialized
2025-02-02 19:40:19,773 [WARN] DetailPanel:346 - Failed to get advertising image, set to default
2025-02-02 19:40:19,988 [FATAL] Updater:351 - Updater called before beeing initialized
2025-02-02 19:40:19,990 [FATAL] Updater:351 - Updater called before beeing initialized
2025-02-02 19:40:19,990 [FATAL] Updater:351 - Updater called before beeing initialized
2025-02-02 19:40:19,990 [WARN] DetailPanel:346 - Failed to get advertising image, set to default
2025-02-02 19:40:19,991 [FATAL] Updater:351 - Updater called before beeing initialized
2025-02-02 19:40:20,026 [ERROR] Updater:1198 - MainUpdater not yet initialized. External WinMGr cannot be set.
2025-02-02 19:40:20,029 [INFO] Updater:1134 - Updater Version found : 6.13.0
2025-02-02 19:40:20,043 [INFO] ApplicationProperties:184 - Using Application install path: C:\ST\STM32CubeIDE_1.17.0\STM32CubeIDE\plugins\com.st.stm32cube.common.mx_6.13.0.202411220809
2025-02-02 19:40:21,620 [ERROR] LogOutputStream:75 - [STDERR_REDIRECT] Feb 02, 2025 7:40:21 PM java.util.prefs.WindowsPreferences <init>
2025-02-02 19:40:21,621 [ERROR] LogOutputStream:75 - [STDERR_REDIRECT] WARNING: Could not open/create prefs root node Software\JavaSoft\Prefs at root 0xffffffff80000002. Windows RegCreateKeyEx(...) returned error code 5.
2025-02-02 19:40:21,621 [ERROR] LogOutputStream:75 - [STDERR_REDIRECT] 
2025-02-02 19:40:21,698 [INFO] ThirdPartyUpdaterWithRetryManager:70 - Updater plugin not ready yet. [2/15]
2025-02-02 19:40:22,072 [INFO] MainUpdater:2872 - connection check result : 10
2025-02-02 19:40:22,072 [INFO] MainUpdater:3566 - Updater definition file requires update
2025-02-02 19:40:22,073 [INFO] MainUpdater:289 - Updater Check For Update Now.
2025-02-02 19:40:22,073 [INFO] MicroXplorer:498 - Change Database Version : DB.6.0.130
2025-02-02 19:40:22,078 [INFO] McuFinderGlobals:63 - Set McuFinder mode to 2 (CubeIDE integrated)
2025-02-02 19:40:22,079 [INFO] UserAuth:486 - Internet connection configuration mode: 1
2025-02-02 19:40:22,093 [INFO] JxBrowserEngine:152 - Initiate JxBrowser Engine with user profile folder
2025-02-02 19:40:22,129 [INFO] ServerAccessManage:473 - Download File updaters.zip
2025-02-02 19:40:22,302 [INFO] FileExtend:240 - Unzip File : updaters.zip
2025-02-02 19:40:22,302 [INFO] FileExtend:255 - Standard Zip Deflate
2025-02-02 19:40:22,821 [INFO] ServerAccessManage:473 - Download File PacksControlFlags.xml
2025-02-02 19:40:22,894 [INFO] WebApp:168 - Instantiating new browser for Auth
2025-02-02 19:40:22,916 [INFO] ServerAccessManage:473 - Download File cubemx.pidx
2025-02-02 19:40:23,425 [INFO] ServerAccessManage:473 - Download File STMicroelectronics.X-CUBE-AI.pdsc
2025-02-02 19:40:23,592 [INFO] WebApp:449 - Apply proxy settings
2025-02-02 19:40:23,592 [INFO] WebApp:534 - Chromium requires no authentication
2025-02-02 19:40:23,609 [INFO] WebApp:477 - Direct internet connection detected
2025-02-02 19:40:23,638 [INFO] WebApp:880 - Register for checkConnection events
2025-02-02 19:40:23,638 [INFO] WebApp:449 - Apply proxy settings
2025-02-02 19:40:23,638 [INFO] WebApp:534 - Chromium requires no authentication
2025-02-02 19:40:23,639 [INFO] WebApp:477 - Direct internet connection detected
2025-02-02 19:40:23,787 [INFO] WebApp:221 - Starting web application
2025-02-02 19:40:23,787 [INFO] WebApp:579 - Web application path used C:\ST\STM32CubeIDE_1.17.0\STM32CubeIDE\plugins\com.st.stm32cube.common.mx_6.13.0.202411220809\db\plugins\mcufinder\reactClient1\index.html
2025-02-02 19:40:24,011 [INFO] UserAuth:486 - Internet connection configuration mode: 1
2025-02-02 19:40:24,196 [INFO] WebApp:187 - Connection restablished
2025-02-02 19:40:24,699 [WARN] MainUpdater:1193 - Updater busy. Cannot search thirdparties
2025-02-02 19:40:24,699 [INFO] ThirdPartyUpdaterWithRetryManager:96 - Updater plugin is busy. [1/15]
2025-02-02 19:40:26,034 [WARN] PackLoader:240 - Cannot read IP mode file for STMicroelectronics.X-CUBE-AI.10.0.0
2025-02-02 19:40:26,035 [INFO] PopulateThirdPartyThread:66 - Ending populate Thread
2025-02-02 19:40:26,036 [INFO] ThirdParty:1030 - CMSIS Pack Vendor :STMicroelectronics X-CUBE-AI 10.0.0
2025-02-02 19:40:26,036 [INFO] LoadServerUpdatesThread:375 - End of LoadServerUpdate Thread
2025-02-02 19:40:26,163 [INFO] CheckServerUpdateThread:120 - End of CheckServer Thread
2025-02-02 19:40:27,879 [WARN] PackLoader:240 - Cannot read IP mode file for STMicroelectronics.FP-SNS-MOTENVWB1.1.4.0
2025-02-02 19:40:27,885 [WARN] PackLoader:240 - Cannot read IP mode file for STMicroelectronics.FP-ATR-ASTRA1.2.0.1
2025-02-02 19:40:27,891 [WARN] PackLoader:240 - Cannot read IP mode file for STMicroelectronics.X-CUBE-SMBUS.2.1.0
2025-02-02 19:40:27,903 [WARN] PackLoader:240 - Cannot read IP mode file for STMicroelectronics.X-CUBE-WB05N.1.1.0
2025-02-02 19:40:27,925 [WARN] PackLoader:240 - Cannot read IP mode file for STMicroelectronics.X-CUBE-AZRTOS-F7.1.1.0
2025-02-02 19:40:28,020 [WARN] PackLoader:240 - Cannot read IP mode file for STMicroelectronics.X-CUBE-MEMS1.11.0.0
2025-02-02 19:40:28,113 [WARN] PackLoader:240 - Cannot read IP mode file for STMicroelectronics.FP-SNS-FLIGHT1.5.0.2
2025-02-02 19:40:28,120 [WARN] PackLoader:240 - Cannot read IP mode file for STMicroelectronics.X-CUBE-DISPLAY.3.0.0
2025-02-02 19:40:28,130 [WARN] PackLoader:240 - Cannot read IP mode file for STMicroelectronics.X-CUBE-BLE1.7.0.0
2025-02-02 19:40:28,140 [WARN] PackLoader:240 - Cannot read IP mode file for STMicroelectronics.X-CUBE-NFC10.1.0.0
2025-02-02 19:40:28,148 [WARN] PackLoader:240 - Cannot read IP mode file for STMicroelectronics.X-CUBE-BLEMGR.4.0.0
2025-02-02 19:40:28,155 [WARN] PackLoader:240 - Cannot read IP mode file for emotas.I-CUBE-CANOPEN.1.3.0
2025-02-02 19:40:28,160 [WARN] PackLoader:240 - Cannot read IP mode file for STMicroelectronics.X-CUBE-BLEMGR.3.1.0
2025-02-02 19:40:28,165 [WARN] PackLoader:240 - Cannot read IP mode file for STMicroelectronics.X-CUBE-AI.10.0.0
2025-02-02 19:40:28,169 [WARN] PackLoader:240 - Cannot read IP mode file for STMicroelectronics.FP-SNS-SMARTAG2.1.2.0
2025-02-02 19:40:28,253 [WARN] PackLoader:240 - Cannot read IP mode file for STMicroelectronics.X-CUBE-MEMS1.11.1.0
2025-02-02 19:40:28,321 [INFO] LogOutputStream:77 - [STDOUT_REDIRECT] 1 : Invalid condition id : UX_CORESTACK_Condition cause : null
2025-02-02 19:40:28,322 [INFO] LogOutputStream:77 - [STDOUT_REDIRECT] 1 : Invalid condition id : UX_CORESTACK_Condition cause : null
2025-02-02 19:40:28,323 [INFO] LogOutputStream:77 - [STDOUT_REDIRECT] 1 : Invalid condition id : UX_CORESTACK_Condition cause : null
2025-02-02 19:40:28,323 [INFO] LogOutputStream:77 - [STDOUT_REDIRECT] 1 : Invalid condition id : UX_CORESTACK_Condition cause : null
2025-02-02 19:40:28,324 [INFO] LogOutputStream:77 - [STDOUT_REDIRECT] 1 : Invalid condition id : UX_CORESTACK_Condition cause : null
2025-02-02 19:40:28,326 [WARN] PackLoader:240 - Cannot read IP mode file for STMicroelectronics.X-CUBE-AZRTOS-WL.2.0.0
2025-02-02 19:40:28,331 [WARN] PackLoader:240 - Cannot read IP mode file for STMicroelectronics.FP-SNS-MOTENV1.5.0.0
2025-02-02 19:40:28,336 [WARN] PackLoader:240 - Cannot read IP mode file for wolfSSL.I-CUBE-wolfMQTT.1.19.0
2025-02-02 19:40:28,342 [WARN] PackLoader:240 - Cannot read IP mode file for WES.I-CUBE-Cesium.1.3.0
2025-02-02 19:40:28,350 [WARN] PackLoader:240 - Cannot read IP mode file for STMicroelectronics.X-CUBE-BLE2.3.3.0
2025-02-02 19:40:28,359 [WARN] PackLoader:240 - Cannot read IP mode file for STMicroelectronics.X-CUBE-NFC9.1.0.0
2025-02-02 19:40:28,366 [WARN] PackLoader:240 - Cannot read IP mode file for STMicroelectronics.X-CUBE-TCPP.4.1.0
2025-02-02 19:40:28,379 [WARN] PackLoader:240 - Cannot read IP mode file for STMicroelectronics.X-CUBE-AZRTOS-G0.1.1.0
2025-02-02 19:40:28,391 [WARN] PackLoader:240 - Cannot read IP mode file for STMicroelectronics.X-CUBE-SAFEA1.1.2.2
2025-02-02 19:40:28,401 [WARN] PackLoader:240 - Cannot read IP mode file for STMicroelectronics.X-CUBE-NFC4.3.0.0
2025-02-02 19:40:28,408 [WARN] PackLoader:240 - Cannot read IP mode file for EmbeddedOffice.I-CUBE-FS-RTOS.1.0.1
2025-02-02 19:40:28,413 [WARN] PackLoader:240 - Cannot read IP mode file for STMicroelectronics.X-CUBE-TCPP.4.2.0
2025-02-02 19:40:28,419 [WARN] PackLoader:240 - Cannot read IP mode file for RealThread.X-CUBE-RT-Thread_Nano.4.1.1
2025-02-02 19:40:28,424 [WARN] PackLoader:240 - Cannot read IP mode file for STMicroelectronics.FP-ATR-SIGFOX1.3.2.0
2025-02-02 19:40:28,428 [WARN] ConditionMgr:438 - getConditionDescription Invalid condition id : Cortex-A Device cause : null
2025-02-02 19:40:28,439 [WARN] ConditionMgr:1044 - genDependencies : Invalid condition id : Cortex-A Device cause : null
2025-02-02 19:40:28,439 [WARN] ConditionMgr:1044 - genDependencies : Invalid condition id : Cortex-A Device cause : null
2025-02-02 19:40:28,439 [WARN] ConditionMgr:1044 - genDependencies : Invalid condition id : Cortex-A Device cause : null
2025-02-02 19:40:28,449 [WARN] PackLoader:240 - Cannot read IP mode file for STMicroelectronics.X-CUBE-EEPRMA1.5.1.0
2025-02-02 19:40:28,454 [WARN] PackLoader:240 - Cannot read IP mode file for wolfSSL.I-CUBE-wolfSSL.5.7.4
2025-02-02 19:40:28,459 [WARN] PackLoader:240 - Cannot read IP mode file for ITTIA_DB.I-CUBE-ITTIADB.8.9.0
2025-02-02 19:40:28,475 [WARN] PackLoader:240 - Cannot read IP mode file for SEGGER.I-CUBE-embOS.1.3.1
2025-02-02 19:40:28,500 [WARN] PackLoader:240 - Cannot read IP mode file for STMicroelectronics.X-CUBE-ALGOBUILD.1.4.0
2025-02-02 19:40:28,506 [WARN] PackLoader:240 - Cannot read IP mode file for STMicroelectronics.X-CUBE-AI.9.1.0
2025-02-02 19:40:28,518 [WARN] PackLoader:240 - Cannot read IP mode file for STMicroelectronics.X-CUBE-AZRTOS-F4.1.1.0
2025-02-02 19:40:28,526 [WARN] PackLoader:240 - Cannot read IP mode file for STMicroelectronics.X-CUBE-ISPU.2.1.0
2025-02-02 19:40:28,531 [WARN] PackLoader:240 - Cannot read IP mode file for STMicroelectronics.X-CUBE-FREERTOS.1.2.0
2025-02-02 19:40:28,542 [WARN] PackLoader:240 - Cannot read IP mode file for STMicroelectronics.X-CUBE-AZRTOS-L5.2.0.0
2025-02-02 19:40:28,556 [WARN] PackLoader:240 - Cannot read IP mode file for STMicroelectronics.X-CUBE-NFC6.3.1.0
2025-02-02 19:40:28,562 [WARN] PackLoader:240 - Cannot read IP mode file for STMicroelectronics.X-CUBE-DPower.1.2.0
2025-02-02 19:40:28,567 [WARN] PackLoader:240 - Cannot read IP mode file for STMicroelectronics.X-CUBE-FREERTOS.1.3.0
2025-02-02 19:40:28,575 [WARN] PackLoader:240 - Cannot read IP mode file for STMicroelectronics.X-CUBE-NFC7.1.0.1
2025-02-02 19:40:28,588 [WARN] ConditionMgr:438 - getConditionDescription Invalid condition id : LAN8742 Phy interface Condition cause : null
2025-02-02 19:40:28,588 [WARN] PackLoader:240 - Cannot read IP mode file for STMicroelectronics.X-CUBE-AZRTOS-L4.2.0.0
2025-02-02 19:40:28,589 [WARN] ConditionMgr:1044 - genDependencies : Invalid condition id : LAN8742 Phy interface Condition cause : null
2025-02-02 19:40:28,589 [WARN] ConditionMgr:1044 - genDependencies : Invalid condition id : LAN8742 Phy interface Condition cause : null
2025-02-02 19:40:28,589 [WARN] ConditionMgr:1044 - genDependencies : Invalid condition id : LAN8742 Phy interface Condition cause : null
2025-02-02 19:40:28,600 [WARN] PackLoader:240 - Cannot read IP mode file for STMicroelectronics.X-CUBE-SFXS2LP1.4.0.0
2025-02-02 19:40:28,618 [WARN] PackLoader:240 - Cannot read IP mode file for STMicroelectronics.X-CUBE-AZRTOS-H7.3.3.0
2025-02-02 19:40:28,627 [WARN] PackLoader:240 - Cannot read IP mode file for STMicroelectronics.X-CUBE-IPS.3.0.0
2025-02-02 19:40:28,639 [WARN] ConditionMgr:438 - getConditionDescription Invalid condition id : UX DEVICE CLASS RTOS Condition cause : null
2025-02-02 19:40:28,639 [WARN] ConditionMgr:438 - getConditionDescription Invalid condition id : UX DEVICE CLASS RTOS Condition cause : null
2025-02-02 19:40:28,640 [WARN] PackLoader:240 - Cannot read IP mode file for STMicroelectronics.X-CUBE-AZRTOS-WB.2.0.0
2025-02-02 19:40:28,640 [WARN] ConditionMgr:1044 - genDependencies : Invalid condition id : UX DEVICE CLASS RTOS Condition cause : null
2025-02-02 19:40:28,640 [WARN] ConditionMgr:1044 - genDependencies : Invalid condition id : UX DEVICE CLASS RTOS Condition cause : null
2025-02-02 19:40:28,641 [WARN] ConditionMgr:1044 - genDependencies : Invalid condition id : UX DEVICE CLASS RTOS Condition cause : null
2025-02-02 19:40:28,641 [WARN] ConditionMgr:1044 - genDependencies : Invalid condition id : UX DEVICE CLASS RTOS Condition cause : null
2025-02-02 19:40:28,641 [WARN] ConditionMgr:1044 - genDependencies : Invalid condition id : UX DEVICE CLASS RTOS Condition cause : null
2025-02-02 19:40:28,650 [WARN] PackLoader:240 - Cannot read IP mode file for STMicroelectronics.X-CUBE-GNSS1.7.0.0
2025-02-02 19:40:28,658 [WARN] PackLoader:240 - Cannot read IP mode file for STMicroelectronics.X-CUBE-GNSS1.7.0.1
2025-02-02 19:40:28,664 [WARN] PackLoader:240 - Cannot read IP mode file for STMicroelectronics.FP-SNS-STBOX1.2.0.0
2025-02-02 19:40:28,673 [WARN] PackLoader:240 - Cannot read IP mode file for STMicroelectronics.X-CUBE-SUBG2.5.0.0
2025-02-02 19:40:28,680 [WARN] PackLoader:240 - Cannot read IP mode file for Cesanta.I-CUBE-Mongoose.7.13.0
2025-02-02 19:40:28,691 [WARN] PackLoader:240 - Cannot read IP mode file for STMicroelectronics.X-CUBE-AZRTOS-G4.2.0.0
2025-02-02 19:40:28,700 [WARN] PackLoader:240 - Cannot read IP mode file for STMicroelectronics.X-CUBE-IPS.3.1.0
2025-02-02 19:40:28,707 [WARN] PackLoader:240 - Cannot read IP mode file for STMicroelectronics.X-CUBE-ALS.1.0.2
2025-02-02 19:40:28,712 [WARN] PackLoader:240 - Cannot read IP mode file for STMicroelectronics.X-CUBE-TOUCHGFX.4.24.2
2025-02-02 19:40:28,715 [WARN] PackLoader:240 - Cannot read IP mode file for STMicroelectronics.X-CUBE-TOUCHGFX.4.24.1
2025-02-02 19:40:28,719 [WARN] PackLoader:240 - Cannot read IP mode file for wolfSSL.I-CUBE-wolfTPM.3.4.0
2025-02-02 19:40:28,723 [WARN] PackLoader:240 - Cannot read IP mode file for portGmbH.I-Cube-SoM-uGOAL.1.1.0
2025-02-02 19:40:28,746 [WARN] PackLoader:240 - Cannot read IP mode file for STMicroelectronics.X-CUBE-AZRTOS-H7RS.1.0.0
2025-02-02 19:40:28,757 [WARN] PackLoader:240 - Cannot read IP mode file for STMicroelectronics.X-CUBE-TOF1.3.4.2
2025-02-02 19:40:28,780 [WARN] PackLoader:240 - Cannot read IP mode file for Infineon.AIROC-Wi-Fi-Bluetooth-STM32.1.6.1
2025-02-02 19:40:28,796 [WARN] PackLoader:240 - Cannot read IP mode file for wolfSSL.I-CUBE-wolfSSH.1.4.17
2025-02-02 19:40:28,796 [INFO] ThirdParty:978 - Integrity check success = true
2025-02-02 19:40:28,797 [INFO] IntegrityCheckThread:100 - exiting critical section [integrity check]
2025-02-02 19:40:28,797 [INFO] IntegrityCheckThread:103 - End integrity checks thread
2025-02-02 19:57:54,571 [INFO] WebApp:190 - Connection lost
2025-02-02 19:58:00,337 [INFO] WebApp:187 - Connection restablished
2025-02-02 19:58:03,069 [INFO] WebApp:190 - Connection lost
2025-02-02 19:58:03,348 [INFO] WebApp:187 - Connection restablished
2025-02-02 20:57:59,566 [INFO] WebApp:190 - Connection lost
2025-02-02 20:58:05,900 [INFO] WebApp:187 - Connection restablished
2025-02-02 20:58:06,026 [INFO] WebApp:190 - Connection lost
2025-02-02 20:58:06,084 [INFO] WebApp:187 - Connection restablished
2025-02-02 20:58:09,051 [INFO] WebApp:190 - Connection lost
2025-02-02 20:58:09,259 [INFO] WebApp:187 - Connection restablished
2025-02-02 21:14:07,280 [ERROR] LogOutputStream:75 - [STDERR_REDIRECT] 
2025-02-02 21:14:07,280 [ERROR] LogOutputStream:75 - [STDERR_REDIRECT] 
